<?xml version="1.0" encoding="UTF-8"?>
<testng-results skipped="0" failed="0" ignored="0" total="9" passed="9">
  <reporter-output>
  </reporter-output>
  <suite name="Suite" duration-ms="42208" started-at="2019-11-08T21:30:13 IST" finished-at="2019-11-08T21:30:55 IST">
    <groups>
    </groups>
    <test name="Test1" duration-ms="33265" started-at="2019-11-08T21:30:13 IST" finished-at="2019-11-08T21:30:46 IST">
      <class name="com.atmecs.qa.script.TutorialsninjaScript">
        <test-method status="PASS" signature="configSetup(java.lang.String, java.lang.String)[pri:0, instance:com.atmecs.qa.script.TutorialsninjaScript@26a7b76d]" name="configSetup" is-config="true" duration-ms="12791" started-at="2019-11-08T21:30:13 IST" finished-at="2019-11-08T21:30:26 IST">
          <params>
            <param index="0">
              <value>
                <![CDATA[firefox]]>
              </value>
            </param>
            <param index="1">
              <value>
                <![CDATA[http://tutorialsninja.com/demo/]]>
              </value>
            </param>
          </params>
          <reporter-output>
          </reporter-output>
        </test-method> <!-- configSetup -->
        <test-method status="PASS" signature="validateHomePage()[pri:1, instance:com.atmecs.qa.script.TutorialsninjaScript@26a7b76d]" name="validateHomePage" duration-ms="153" started-at="2019-11-08T21:30:26 IST" finished-at="2019-11-08T21:30:26 IST">
          <reporter-output>
          </reporter-output>
        </test-method> <!-- validateHomePage -->
        <test-method status="PASS" signature="searchItemMethod(java.lang.String, java.lang.String)[pri:2, instance:com.atmecs.qa.script.TutorialsninjaScript@26a7b76d]" name="searchItemMethod" duration-ms="15452" started-at="2019-11-08T21:30:27 IST" data-provider="homePage" finished-at="2019-11-08T21:30:43 IST">
          <params>
            <param index="0">
              <value>
                <![CDATA[ macbook]]>
              </value>
            </param>
            <param index="1">
              <value>
                <![CDATA[iphone]]>
              </value>
            </param>
          </params>
          <reporter-output>
          </reporter-output>
        </test-method> <!-- searchItemMethod -->
        <test-method status="PASS" signature="endReport()[pri:0, instance:com.atmecs.qa.script.TutorialsninjaScript@26a7b76d]" name="endReport" is-config="true" duration-ms="3424" started-at="2019-11-08T21:30:43 IST" finished-at="2019-11-08T21:30:46 IST">
          <reporter-output>
          </reporter-output>
        </test-method> <!-- endReport -->
      </class> <!-- com.atmecs.qa.script.TutorialsninjaScript -->
    </test> <!-- Test1 -->
    <test name="Test2" duration-ms="42208" started-at="2019-11-08T21:30:13 IST" finished-at="2019-11-08T21:30:55 IST">
      <class name="com.atmecs.qa.script.HeatClinicScript">
        <test-method status="PASS" signature="configSetup(java.lang.String, java.lang.String)[pri:0, instance:com.atmecs.qa.script.HeatClinicScript@4eb7f003]" name="configSetup" is-config="true" duration-ms="13838" started-at="2019-11-08T21:30:13 IST" finished-at="2019-11-08T21:30:27 IST">
          <params>
            <param index="0">
              <value>
                <![CDATA[chrome]]>
              </value>
            </param>
            <param index="1">
              <value>
                <![CDATA[http://10.10.10.232:8080/]]>
              </value>
            </param>
          </params>
          <reporter-output>
          </reporter-output>
        </test-method> <!-- configSetup -->
        <test-method status="PASS" signature="clickMenuVerify(java.lang.String)[pri:1, instance:com.atmecs.qa.script.HeatClinicScript@4eb7f003]" name="clickMenuVerify" duration-ms="1175" started-at="2019-11-08T21:30:27 IST" data-provider="title" finished-at="2019-11-08T21:30:28 IST">
          <params>
            <param index="0">
              <value>
                <![CDATA[Broadleaf Demo - Heat Clinic]]>
              </value>
            </param>
          </params>
          <reporter-output>
          </reporter-output>
        </test-method> <!-- clickMenuVerify -->
        <test-method status="PASS" signature="clickMenuVerify(java.lang.String)[pri:1, instance:com.atmecs.qa.script.HeatClinicScript@4eb7f003]" name="clickMenuVerify" duration-ms="1527" started-at="2019-11-08T21:30:28 IST" data-provider="title" finished-at="2019-11-08T21:30:30 IST">
          <params>
            <param index="0">
              <value>
                <![CDATA[Broadleaf Commerce Demo Store - Heat Clinic - Hot Sauces]]>
              </value>
            </param>
          </params>
          <reporter-output>
          </reporter-output>
        </test-method> <!-- clickMenuVerify -->
        <test-method status="PASS" signature="clickMenuVerify(java.lang.String)[pri:1, instance:com.atmecs.qa.script.HeatClinicScript@4eb7f003]" name="clickMenuVerify" duration-ms="1288" started-at="2019-11-08T21:30:30 IST" data-provider="title" finished-at="2019-11-08T21:30:31 IST">
          <params>
            <param index="0">
              <value>
                <![CDATA[Broadleaf Commerce Demo Store - Heat Clinic - Merchandise]]>
              </value>
            </param>
          </params>
          <reporter-output>
          </reporter-output>
        </test-method> <!-- clickMenuVerify -->
        <test-method status="PASS" signature="clickMenuVerify(java.lang.String)[pri:1, instance:com.atmecs.qa.script.HeatClinicScript@4eb7f003]" name="clickMenuVerify" duration-ms="1217" started-at="2019-11-08T21:30:31 IST" data-provider="title" finished-at="2019-11-08T21:30:32 IST">
          <params>
            <param index="0">
              <value>
                <![CDATA[Broadleaf Commerce Demo Store - Heat Clinic - Clearance]]>
              </value>
            </param>
          </params>
          <reporter-output>
          </reporter-output>
        </test-method> <!-- clickMenuVerify -->
        <test-method status="PASS" signature="clickMenuVerify(java.lang.String)[pri:1, instance:com.atmecs.qa.script.HeatClinicScript@4eb7f003]" name="clickMenuVerify" duration-ms="902" started-at="2019-11-08T21:30:32 IST" data-provider="title" finished-at="2019-11-08T21:30:33 IST">
          <params>
            <param index="0">
              <value>
                <![CDATA[Broadleaf Commerce Demo Store - Heat Clinic - New to Hot Sauce]]>
              </value>
            </param>
          </params>
          <reporter-output>
          </reporter-output>
        </test-method> <!-- clickMenuVerify -->
        <test-method status="PASS" signature="clickMenuVerify(java.lang.String)[pri:1, instance:com.atmecs.qa.script.HeatClinicScript@4eb7f003]" name="clickMenuVerify" duration-ms="995" started-at="2019-11-08T21:30:33 IST" data-provider="title" finished-at="2019-11-08T21:30:34 IST">
          <params>
            <param index="0">
              <value>
                <![CDATA[Broadleaf Commerce Demo Store - Heat Clinic - FAQ]]>
              </value>
            </param>
          </params>
          <reporter-output>
          </reporter-output>
        </test-method> <!-- clickMenuVerify -->
        <test-method status="PASS" signature="clickMerchantVerifyProduct(java.lang.String, java.lang.String, java.lang.String, java.lang.String, java.lang.String, java.lang.String, java.lang.String, java.lang.String, java.lang.String, java.lang.String)[pri:2, instance:com.atmecs.qa.script.HeatClinicScript@4eb7f003]" name="clickMerchantVerifyProduct" duration-ms="19703" started-at="2019-11-08T21:30:34 IST" data-provider="product" finished-at="2019-11-08T21:30:54 IST">
          <params>
            <param index="0">
              <value>
                <![CDATA[Viewing Mens (1 - 3 of 3)]]>
              </value>
            </param>
            <param index="1">
              <value>
                <![CDATA[mohit]]>
              </value>
            </param>
            <param index="2">
              <value>
                <![CDATA[Hawt Like a Habanero Shirt (Men's)]]>
              </value>
            </param>
            <param index="3">
              <value>
                <![CDATA[ Shirt Size: M]]>
              </value>
            </param>
            <param index="4">
              <value>
                <![CDATA[ Personalized Name: mohit]]>
              </value>
            </param>
            <param index="5">
              <value>
                <![CDATA[ Shirt Color: Red]]>
              </value>
            </param>
            <param index="6">
              <value>
                <![CDATA[$14.99]]>
              </value>
            </param>
            <param index="7">
              <value>
                <![CDATA[$14.99]]>
              </value>
            </param>
            <param index="8">
              <value>
                <![CDATA[2.0]]>
              </value>
            </param>
            <param index="9">
              <value>
                <![CDATA[$29.98]]>
              </value>
            </param>
          </params>
          <reporter-output>
          </reporter-output>
        </test-method> <!-- clickMerchantVerifyProduct -->
        <test-method status="PASS" signature="endReport()[pri:0, instance:com.atmecs.qa.script.HeatClinicScript@4eb7f003]" name="endReport" is-config="true" duration-ms="909" started-at="2019-11-08T21:30:54 IST" finished-at="2019-11-08T21:30:55 IST">
          <reporter-output>
          </reporter-output>
        </test-method> <!-- endReport -->
      </class> <!-- com.atmecs.qa.script.HeatClinicScript -->
    </test> <!-- Test2 -->
  </suite> <!-- Suite -->
</testng-results>
