<?xml version="1.0" encoding="UTF-8"?>
<!-- Generated by org.testng.reporters.JUnitXMLReporter -->
<testsuite hostname="ATMECSINLT-283" ignored="0" name="Test1" tests="8" failures="0" timestamp="2019-11-08T21:30:46 IST" time="33.265" errors="0">
  <testcase name="validateHomePage" time="0.153" classname="com.atmecs.qa.script.TutorialsninjaScript"/>
  <testcase name="clickMenuVerify" time="1.175" classname="com.atmecs.qa.script.HeatClinicScript"/>
  <testcase name="clickMenuVerify" time="1.527" classname="com.atmecs.qa.script.HeatClinicScript"/>
  <testcase name="clickMenuVerify" time="1.288" classname="com.atmecs.qa.script.HeatClinicScript"/>
  <testcase name="clickMenuVerify" time="1.217" classname="com.atmecs.qa.script.HeatClinicScript"/>
  <testcase name="clickMenuVerify" time="0.902" classname="com.atmecs.qa.script.HeatClinicScript"/>
  <testcase name="clickMenuVerify" time="0.995" classname="com.atmecs.qa.script.HeatClinicScript"/>
  <testcase name="searchItemMethod" time="15.452" classname="com.atmecs.qa.script.TutorialsninjaScript"/>
</testsuite> <!-- Test1 -->
