<?xml version="1.0" encoding="UTF-8"?>
<!-- Generated by org.testng.reporters.JUnitXMLReporter -->
<testsuite hostname="ATMECSINLT-283" ignored="0" name="Test1" tests="8" failures="0" timestamp="2019-11-08T21:34:19 IST" time="39.672" errors="0">
  <testcase name="validateHomePage" time="0.181" classname="com.atmecs.qa.script.TutorialsninjaScript"/>
  <testcase name="clickMenuVerify" time="1.89" classname="com.atmecs.qa.script.HeatClinicScript"/>
  <testcase name="clickMenuVerify" time="1.598" classname="com.atmecs.qa.script.HeatClinicScript"/>
  <testcase name="clickMenuVerify" time="1.493" classname="com.atmecs.qa.script.HeatClinicScript"/>
  <testcase name="clickMenuVerify" time="1.755" classname="com.atmecs.qa.script.HeatClinicScript"/>
  <testcase name="clickMenuVerify" time="1.576" classname="com.atmecs.qa.script.HeatClinicScript"/>
  <testcase name="clickMenuVerify" time="1.117" classname="com.atmecs.qa.script.HeatClinicScript"/>
  <testcase name="searchItemMethod" time="19.564" classname="com.atmecs.qa.script.TutorialsninjaScript"/>
</testsuite> <!-- Test1 -->
