<?xml version="1.0" encoding="UTF-8"?>
<testng-results skipped="0" failed="0" ignored="0" total="9" passed="9">
  <reporter-output>
  </reporter-output>
  <suite name="Suite" duration-ms="48751" started-at="2019-11-08T21:33:38 IST" finished-at="2019-11-08T21:34:27 IST">
    <groups>
    </groups>
    <test name="Test1" duration-ms="39672" started-at="2019-11-08T21:33:38 IST" finished-at="2019-11-08T21:34:18 IST">
      <class name="com.atmecs.qa.script.TutorialsninjaScript">
        <test-method status="PASS" signature="configSetup(java.lang.String, java.lang.String)[pri:0, instance:com.atmecs.qa.script.TutorialsninjaScript@627551fb]" name="configSetup" is-config="true" duration-ms="13810" started-at="2019-11-08T21:33:38 IST" finished-at="2019-11-08T21:33:52 IST">
          <params>
            <param index="0">
              <value>
                <![CDATA[firefox]]>
              </value>
            </param>
            <param index="1">
              <value>
                <![CDATA[http://tutorialsninja.com/demo/]]>
              </value>
            </param>
          </params>
          <reporter-output>
          </reporter-output>
        </test-method> <!-- configSetup -->
        <test-method status="PASS" signature="validateHomePage()[pri:1, instance:com.atmecs.qa.script.TutorialsninjaScript@627551fb]" name="validateHomePage" duration-ms="181" started-at="2019-11-08T21:33:52 IST" finished-at="2019-11-08T21:33:52 IST">
          <reporter-output>
          </reporter-output>
        </test-method> <!-- validateHomePage -->
        <test-method status="PASS" signature="searchItemMethod(java.lang.String, java.lang.String)[pri:2, instance:com.atmecs.qa.script.TutorialsninjaScript@627551fb]" name="searchItemMethod" duration-ms="19564" started-at="2019-11-08T21:33:54 IST" data-provider="homePage" finished-at="2019-11-08T21:34:14 IST">
          <params>
            <param index="0">
              <value>
                <![CDATA[ macbook]]>
              </value>
            </param>
            <param index="1">
              <value>
                <![CDATA[iphone]]>
              </value>
            </param>
          </params>
          <reporter-output>
          </reporter-output>
        </test-method> <!-- searchItemMethod -->
        <test-method status="PASS" signature="endReport()[pri:0, instance:com.atmecs.qa.script.TutorialsninjaScript@627551fb]" name="endReport" is-config="true" duration-ms="4297" started-at="2019-11-08T21:34:14 IST" finished-at="2019-11-08T21:34:18 IST">
          <reporter-output>
          </reporter-output>
        </test-method> <!-- endReport -->
      </class> <!-- com.atmecs.qa.script.TutorialsninjaScript -->
    </test> <!-- Test1 -->
    <test name="Test2" duration-ms="48751" started-at="2019-11-08T21:33:38 IST" finished-at="2019-11-08T21:34:27 IST">
      <class name="com.atmecs.qa.script.HeatClinicScript">
        <test-method status="PASS" signature="configSetup(java.lang.String, java.lang.String)[pri:0, instance:com.atmecs.qa.script.HeatClinicScript@67205a84]" name="configSetup" is-config="true" duration-ms="14992" started-at="2019-11-08T21:33:38 IST" finished-at="2019-11-08T21:33:53 IST">
          <params>
            <param index="0">
              <value>
                <![CDATA[chrome]]>
              </value>
            </param>
            <param index="1">
              <value>
                <![CDATA[http://10.10.10.232:8080/]]>
              </value>
            </param>
          </params>
          <reporter-output>
          </reporter-output>
        </test-method> <!-- configSetup -->
        <test-method status="PASS" signature="clickMenuVerify(java.lang.String)[pri:1, instance:com.atmecs.qa.script.HeatClinicScript@67205a84]" name="clickMenuVerify" duration-ms="1890" started-at="2019-11-08T21:33:54 IST" data-provider="title" finished-at="2019-11-08T21:33:56 IST">
          <params>
            <param index="0">
              <value>
                <![CDATA[Broadleaf Demo - Heat Clinic]]>
              </value>
            </param>
          </params>
          <reporter-output>
          </reporter-output>
        </test-method> <!-- clickMenuVerify -->
        <test-method status="PASS" signature="clickMenuVerify(java.lang.String)[pri:1, instance:com.atmecs.qa.script.HeatClinicScript@67205a84]" name="clickMenuVerify" duration-ms="1598" started-at="2019-11-08T21:33:56 IST" data-provider="title" finished-at="2019-11-08T21:33:58 IST">
          <params>
            <param index="0">
              <value>
                <![CDATA[Broadleaf Commerce Demo Store - Heat Clinic - Hot Sauces]]>
              </value>
            </param>
          </params>
          <reporter-output>
          </reporter-output>
        </test-method> <!-- clickMenuVerify -->
        <test-method status="PASS" signature="clickMenuVerify(java.lang.String)[pri:1, instance:com.atmecs.qa.script.HeatClinicScript@67205a84]" name="clickMenuVerify" duration-ms="1493" started-at="2019-11-08T21:33:58 IST" data-provider="title" finished-at="2019-11-08T21:33:59 IST">
          <params>
            <param index="0">
              <value>
                <![CDATA[Broadleaf Commerce Demo Store - Heat Clinic - Merchandise]]>
              </value>
            </param>
          </params>
          <reporter-output>
          </reporter-output>
        </test-method> <!-- clickMenuVerify -->
        <test-method status="PASS" signature="clickMenuVerify(java.lang.String)[pri:1, instance:com.atmecs.qa.script.HeatClinicScript@67205a84]" name="clickMenuVerify" duration-ms="1755" started-at="2019-11-08T21:33:59 IST" data-provider="title" finished-at="2019-11-08T21:34:01 IST">
          <params>
            <param index="0">
              <value>
                <![CDATA[Broadleaf Commerce Demo Store - Heat Clinic - Clearance]]>
              </value>
            </param>
          </params>
          <reporter-output>
          </reporter-output>
        </test-method> <!-- clickMenuVerify -->
        <test-method status="PASS" signature="clickMenuVerify(java.lang.String)[pri:1, instance:com.atmecs.qa.script.HeatClinicScript@67205a84]" name="clickMenuVerify" duration-ms="1576" started-at="2019-11-08T21:34:01 IST" data-provider="title" finished-at="2019-11-08T21:34:03 IST">
          <params>
            <param index="0">
              <value>
                <![CDATA[Broadleaf Commerce Demo Store - Heat Clinic - New to Hot Sauce]]>
              </value>
            </param>
          </params>
          <reporter-output>
          </reporter-output>
        </test-method> <!-- clickMenuVerify -->
        <test-method status="PASS" signature="clickMenuVerify(java.lang.String)[pri:1, instance:com.atmecs.qa.script.HeatClinicScript@67205a84]" name="clickMenuVerify" duration-ms="1117" started-at="2019-11-08T21:34:03 IST" data-provider="title" finished-at="2019-11-08T21:34:04 IST">
          <params>
            <param index="0">
              <value>
                <![CDATA[Broadleaf Commerce Demo Store - Heat Clinic - FAQ]]>
              </value>
            </param>
          </params>
          <reporter-output>
          </reporter-output>
        </test-method> <!-- clickMenuVerify -->
        <test-method status="PASS" signature="clickMerchantVerifyProduct(java.lang.String, java.lang.String, java.lang.String, java.lang.String, java.lang.String, java.lang.String, java.lang.String, java.lang.String, java.lang.String, java.lang.String)[pri:2, instance:com.atmecs.qa.script.HeatClinicScript@67205a84]" name="clickMerchantVerifyProduct" duration-ms="22492" started-at="2019-11-08T21:34:04 IST" data-provider="product" finished-at="2019-11-08T21:34:26 IST">
          <params>
            <param index="0">
              <value>
                <![CDATA[Viewing Mens (1 - 3 of 3)]]>
              </value>
            </param>
            <param index="1">
              <value>
                <![CDATA[mohit]]>
              </value>
            </param>
            <param index="2">
              <value>
                <![CDATA[Hawt Like a Habanero Shirt (Men's)]]>
              </value>
            </param>
            <param index="3">
              <value>
                <![CDATA[ Shirt Size: M]]>
              </value>
            </param>
            <param index="4">
              <value>
                <![CDATA[ Personalized Name: mohit]]>
              </value>
            </param>
            <param index="5">
              <value>
                <![CDATA[ Shirt Color: Red]]>
              </value>
            </param>
            <param index="6">
              <value>
                <![CDATA[$14.99]]>
              </value>
            </param>
            <param index="7">
              <value>
                <![CDATA[$14.99]]>
              </value>
            </param>
            <param index="8">
              <value>
                <![CDATA[2.0]]>
              </value>
            </param>
            <param index="9">
              <value>
                <![CDATA[$29.98]]>
              </value>
            </param>
          </params>
          <reporter-output>
          </reporter-output>
        </test-method> <!-- clickMerchantVerifyProduct -->
        <test-method status="PASS" signature="endReport()[pri:0, instance:com.atmecs.qa.script.HeatClinicScript@67205a84]" name="endReport" is-config="true" duration-ms="917" started-at="2019-11-08T21:34:26 IST" finished-at="2019-11-08T21:34:27 IST">
          <reporter-output>
          </reporter-output>
        </test-method> <!-- endReport -->
      </class> <!-- com.atmecs.qa.script.HeatClinicScript -->
    </test> <!-- Test2 -->
  </suite> <!-- Suite -->
  <suite name="Test-class Suite" duration-ms="0" started-at="2019-11-08T21:34:27 IST" finished-at="2019-11-08T21:34:27 IST">
    <groups>
    </groups>
  </suite> <!-- Test-class Suite -->
</testng-results>
